<?xml version="1.0" encoding="UTF-8"?>
<testng-results total="1" passed="1" failed="0" skipped="0">
  <reporter-output>
  </reporter-output>
  <suite started-at="2021-03-03T16:48:14Z" name="Suite" finished-at="2021-03-03T16:49:30Z" duration-ms="76070">
    <groups>
      <group name="cucumber">
        <method signature="TestRunner.feature(cucumber.api.testng.CucumberFeatureWrapper)[pri:0, instance:com.qa.transferFunds.runner.TestRunner@12d4bf7e]" name="feature" class="com.qa.transferFunds.runner.TestRunner"/>
      </group> <!-- cucumber -->
    </groups>
    <test started-at="2021-03-03T16:48:14Z" name="Test" finished-at="2021-03-03T16:49:30Z" duration-ms="76070">
      <class name="com.qa.transferFunds.runner.TestRunner">
        <test-method is-config="true" signature="setUpClass()[pri:0, instance:com.qa.transferFunds.runner.TestRunner@12d4bf7e]" started-at="2021-03-03T22:18:14Z" name="setUpClass" finished-at="2021-03-03T22:18:14Z" duration-ms="292" status="PASS">
          <reporter-output>
          </reporter-output>
        </test-method> <!-- setUpClass -->
        <test-method signature="feature(cucumber.api.testng.CucumberFeatureWrapper)[pri:0, instance:com.qa.transferFunds.runner.TestRunner@12d4bf7e]" started-at="2021-03-03T22:18:14Z" name="feature" description="Runs Cucumber Feature" data-provider="features" finished-at="2021-03-03T22:19:30Z" duration-ms="75330" status="PASS">
          <params>
            <param index="0">
              <value>
                <![CDATA[Creation of Transfer in Netsuite]]>
              </value>
            </param>
          </params>
          <reporter-output>
          </reporter-output>
        </test-method> <!-- feature -->
        <test-method is-config="true" signature="tearDownClass()[pri:0, instance:com.qa.transferFunds.runner.TestRunner@12d4bf7e]" started-at="2021-03-03T22:19:30Z" name="tearDownClass" finished-at="2021-03-03T22:19:30Z" duration-ms="13" status="PASS">
          <reporter-output>
          </reporter-output>
        </test-method> <!-- tearDownClass -->
      </class> <!-- com.qa.transferFunds.runner.TestRunner -->
    </test> <!-- Test -->
  </suite> <!-- Suite -->
</testng-results>
